<?xml version="1.0" encoding="UTF-8"?>
<!-- Generated by org.testng.reporters.JUnitReportReporter -->
<testsuite hostname="DESKTOP-C6M5A7U" failures="0" tests="14" name="TNT_Testing.Login_TC1" time="89.344" errors="1" timestamp="2024-04-12T15:58:58 IST" skipped="0">
  <testcase classname="TNT_Testing.Login_TC1" name="loginWithoutUserAndPassword" time="0.166"/>
  <system-out>
    <![CDATA[Without USER ID and PASSWORD Not able to login into APP, User Name is required.
Password is required.]]>
  </system-out>
  <testcase classname="TNT_Testing.Login_TC1" name="loginWithoutPassword" time="1.745"/>
  <system-out>
    <![CDATA[Without PASSWORD Not able to login into APP, Password is required.]]>
  </system-out>
  <testcase classname="TNT_Testing.Login_TC1" name="loginTest" time="5.477"/>
  <system-out/>
  <testcase classname="TNT_Testing.Login_TC1" name="welcomeMessage" time="0.032"/>
  <system-out>
    <![CDATA[User Logged In Successfully In APP]]>
  </system-out>
  <testcase classname="TNT_Testing.Login_TC1" name="loggedInUserDetails" time="0.100"/>
  <system-out>
    <![CDATA[Logged In User Is testAdmin]]>
  </system-out>
  <testcase classname="TNT_Testing.Login_TC1" name="clickingShopFloor" time="0.150"/>
  <system-out/>
  <testcase classname="TNT_Testing.Login_TC1" name="labelPrintObject" time="5.295"/>
  <system-out>
    <![CDATA[PCB Label Print and Verification Station Screen Opened ]]>
  </system-out>
  <testcase classname="TNT_Testing.Login_TC1" name="selectingProduct" time="4.446"/>
  <system-out>
    <![CDATA[Product Is Selected As OTT LEAP S2]]>
  </system-out>
  <testcase classname="TNT_Testing.Login_TC1" name="selectingOrder" time="6.363"/>
  <system-out>
    <![CDATA[Selected Order Is 999002T]]>
  </system-out>
  <testcase classname="TNT_Testing.Login_TC1" name="quantityPrinting" time="2.585"/>
  <system-out>
    <![CDATA[Input Quantity Printer. 1]]>
  </system-out>
  <testcase classname="TNT_Testing.Login_TC1" name="generateBarcode" time="1.060"/>
  <system-out>
    <![CDATA[Current Barcode Is Generated999002000041]]>
  </system-out>
  <testcase classname="TNT_Testing.Login_TC1" name="VerifyBarcode" time="7.307"/>
  <system-out>
    <![CDATA[Barcode Verified. ]]>
  </system-out>
  <testcase classname="TNT_Testing.Login_TC1" name="logOutFromAPP" time="0.659"/>
  <system-out>
    <![CDATA[User Successfully Logout From the APP ]]>
  </system-out>
  <testcase classname="TNT_Testing.Login_TC1" name="AoiTestClick" time="53.959">
    <error message="The TCP/IP connection to the host 172.20.10.149, port 1433 has failed. Error: &quot;Connect timed out. Verify the connection properties. Make sure that an instance of SQL Server is running on the host and accepting TCP/IP connections at the port. Make sure that TCP connections to the port are not blocked by a firewall.&quot;." type="com.microsoft.sqlserver.jdbc.SQLServerException">
      <![CDATA[com.microsoft.sqlserver.jdbc.SQLServerException: The TCP/IP connection to the host 172.20.10.149, port 1433 has failed. Error: "Connect timed out. Verify the connection properties. Make sure that an instance of SQL Server is running on the host and accepting TCP/IP connections at the port. Make sure that TCP connections to the port are not blocked by a firewall.".
at com.microsoft.sqlserver.jdbc.SQLServerException.makeFromDriverError(SQLServerException.java:237)
at com.microsoft.sqlserver.jdbc.SQLServerException.ConvertConnectExceptionToSQLServerException(SQLServerException.java:288)
at com.microsoft.sqlserver.jdbc.SocketFinder.findSocket(IOBuffer.java:2519)
at com.microsoft.sqlserver.jdbc.TDSChannel.open(IOBuffer.java:777)
at com.microsoft.sqlserver.jdbc.SQLServerConnection.connectHelper(SQLServerConnection.java:3300)
at com.microsoft.sqlserver.jdbc.SQLServerConnection.login(SQLServerConnection.java:2950)
at com.microsoft.sqlserver.jdbc.SQLServerConnection.connectInternal(SQLServerConnection.java:2790)
at com.microsoft.sqlserver.jdbc.SQLServerConnection.connect(SQLServerConnection.java:1663)
at com.microsoft.sqlserver.jdbc.SQLServerDriver.connect(SQLServerDriver.java:1064)
at java.sql/java.sql.DriverManager.getConnection(DriverManager.java:681)
at java.sql/java.sql.DriverManager.getConnection(DriverManager.java:229)
at TNT_Testing.SF_AOI_Test.sqlStatus(SF_AOI_Test.java:48)
at TNT_Testing.SF_AOI_Test.errorCode(SF_AOI_Test.java:141)
at TNT_Testing.SF_AOI_Test.scanPCBTextBox(SF_AOI_Test.java:86)
at TNT_Testing.SF_AOI_Test.selectProductionLine(SF_AOI_Test.java:99)
at TNT_Testing.SF_AOI_Test.errorCode(SF_AOI_Test.java:135)
at TNT_Testing.SF_AOI_Test.scanPCBTextBox(SF_AOI_Test.java:86)
at TNT_Testing.SF_AOI_Test.aoiTestClick(SF_AOI_Test.java:71)
at TNT_Testing.SF_AOI_Test.errorCode(SF_AOI_Test.java:130)
at TNT_Testing.SF_AOI_Test.scanPCBTextBox(SF_AOI_Test.java:86)
at TNT_Testing.SF_AOI_Test.aoiTestClick(SF_AOI_Test.java:71)
at TNT_Testing.Login_TC1.AoiTestClick(Login_TC1.java:138)
at java.base/jdk.internal.reflect.NativeMethodAccessorImpl.invoke0(Native Method)
at java.base/jdk.internal.reflect.NativeMethodAccessorImpl.invoke(NativeMethodAccessorImpl.java:77)
at java.base/jdk.internal.reflect.DelegatingMethodAccessorImpl.invoke(DelegatingMethodAccessorImpl.java:43)
at java.base/java.lang.reflect.Method.invoke(Method.java:568)
at org.testng.internal.MethodInvocationHelper.invokeMethod(MethodInvocationHelper.java:133)
at org.testng.internal.TestInvoker.invokeMethod(TestInvoker.java:598)
at org.testng.internal.TestInvoker.invokeTestMethod(TestInvoker.java:173)
at org.testng.internal.MethodRunner.runInSequence(MethodRunner.java:46)
at org.testng.internal.TestInvoker$MethodInvocationAgent.invoke(TestInvoker.java:824)
at org.testng.internal.TestInvoker.invokeTestMethods(TestInvoker.java:146)
at org.testng.internal.TestMethodWorker.invokeTestMethods(TestMethodWorker.java:146)
at org.testng.internal.TestMethodWorker.run(TestMethodWorker.java:128)
at java.base/java.util.ArrayList.forEach(ArrayList.java:1511)
at org.testng.TestRunner.privateRun(TestRunner.java:794)
at org.testng.TestRunner.run(TestRunner.java:596)
at org.testng.SuiteRunner.runTest(SuiteRunner.java:377)
at org.testng.SuiteRunner.runSequentially(SuiteRunner.java:371)
at org.testng.SuiteRunner.privateRun(SuiteRunner.java:332)
at org.testng.SuiteRunner.run(SuiteRunner.java:276)
at org.testng.SuiteRunnerWorker.runSuite(SuiteRunnerWorker.java:53)
at org.testng.SuiteRunnerWorker.run(SuiteRunnerWorker.java:96)
at org.testng.TestNG.runSuitesSequentially(TestNG.java:1212)
at org.testng.TestNG.runSuitesLocally(TestNG.java:1134)
at org.testng.TestNG.runSuites(TestNG.java:1063)
at org.testng.TestNG.run(TestNG.java:1031)
at org.testng.remote.AbstractRemoteTestNG.run(AbstractRemoteTestNG.java:115)
at org.testng.remote.RemoteTestNG.initAndRun(RemoteTestNG.java:251)
at org.testng.remote.RemoteTestNG.main(RemoteTestNG.java:77)
]]>
    </error>
  </testcase> <!-- AoiTestClick -->
  <system-out/>
</testsuite> <!-- TNT_Testing.Login_TC1 -->
